<?xml version="1.0" encoding="UTF-8"?>
<!-- Generated by org.testng.reporters.JUnitXMLReporter -->
<testsuite ignored="0" hostname="HmeliumPC" failures="2" tests="2" name="Surefire test" time="6.514" errors="0" timestamp="2023-07-07T21:56:09 EEST">
  <testcase classname="com.example.tests.ChatLinkTest" name="testChatLinkClick" time="0.111">
    <failure type="java.lang.NullPointerException" message="Cannot invoke &amp;quot;org.openqa.selenium.WebDriver.get(String)&amp;quot; because &amp;quot;this.driver&amp;quot; is null">
      <![CDATA[java.lang.NullPointerException: Cannot invoke "org.openqa.selenium.WebDriver.get(String)" because "this.driver" is null
at com.example.pages.BingHomePage.open(BingHomePage.java:26)
at com.example.tests.ChatLinkTest.testChatLinkClick(ChatLinkTest.java:13)
at java.base/java.util.ArrayList.forEach(ArrayList.java:1511)
... Removed 30 stack frames]]>
    </failure>
  </testcase> <!-- testChatLinkClick -->
  <testcase classname="com.example.tests.WeatherSearchTest" name="testWeatherInLvivSearch" time="0.003">
    <failure type="java.lang.NullPointerException" message="Cannot invoke &amp;quot;org.openqa.selenium.WebDriver.get(String)&amp;quot; because &amp;quot;this.driver&amp;quot; is null">
      <![CDATA[java.lang.NullPointerException: Cannot invoke "org.openqa.selenium.WebDriver.get(String)" because "this.driver" is null
at com.example.pages.BingHomePage.open(BingHomePage.java:26)
at com.example.tests.WeatherSearchTest.testWeatherInLvivSearch(WeatherSearchTest.java:15)
at java.base/java.util.ArrayList.forEach(ArrayList.java:1511)
... Removed 30 stack frames]]>
    </failure>
  </testcase> <!-- testWeatherInLvivSearch -->
</testsuite> <!-- Surefire test -->
